<?xml version="1.0" encoding="UTF-8"?>
<!-- Generated by org.testng.reporters.JUnitReportReporter -->
<testsuite hostname="LAPTOP-7HG9TAKN" failures="0" tests="1" name="y.DataModelTest" time="0.048" errors="0" timestamp="16 Feb 2022 05:00:45 GMT">
  <testcase classname="y.DataModelTest" name="areHelloWorldTwoWords" time="0.048"/>
</testsuite> <!-- y.DataModelTest -->
